2018-09-21/15:49:16.454 [main] [BaseJdbcLogger.debug-159] [DEBUG] ==>  Preparing: insert into user (id,name) values(?,?) 
2018-09-21/15:49:16.513 [main] [BaseJdbcLogger.debug-159] [DEBUG] ==> Parameters: null, 1537516156428(String)
2018-09-21/15:49:16.518 [main] [BaseJdbcLogger.debug-159] [DEBUG] <==    Updates: 1
2018-09-21/15:53:17.354 [main] [BaseJdbcLogger.debug-159] [DEBUG] ==>  Preparing: insert into user (id,name) values(?,?) 
2018-09-21/15:53:17.428 [main] [BaseJdbcLogger.debug-159] [DEBUG] ==> Parameters: null, 1537516397324(String)
2018-09-21/15:53:17.435 [main] [BaseJdbcLogger.debug-159] [DEBUG] <==    Updates: 1
2018-09-21/15:53:45.682 [main] [BaseJdbcLogger.debug-159] [DEBUG] ==>  Preparing: insert into user (id,name) values(?,?) 
2018-09-21/15:53:45.737 [main] [BaseJdbcLogger.debug-159] [DEBUG] ==> Parameters: null, 1537516425614(String)
2018-09-21/15:53:45.741 [main] [BaseJdbcLogger.debug-159] [DEBUG] <==    Updates: 1
2018-09-21/15:55:02.399 [main] [BaseJdbcLogger.debug-159] [DEBUG] ==>  Preparing: insert into user (id,name) values(?,?) 
2018-09-21/15:55:02.464 [main] [BaseJdbcLogger.debug-159] [DEBUG] ==> Parameters: null, 1537516502371(String)
2018-09-21/15:55:02.472 [main] [BaseJdbcLogger.debug-159] [DEBUG] <==    Updates: 1
2018-11-02/16:27:09.415 [main] [BaseJdbcLogger.debug-159] [DEBUG] ==>  Preparing: insert into user (id,name) values(?,?) 
2018-11-02/16:27:09.475 [main] [BaseJdbcLogger.debug-159] [DEBUG] ==> Parameters: null, 1541147229381(String)
2018-11-02/16:27:09.489 [main] [BaseJdbcLogger.debug-159] [DEBUG] <==    Updates: 1
2018-11-02/16:29:01.479 [main] [BaseJdbcLogger.debug-159] [DEBUG] ==>  Preparing: insert into user (id,name) values(?,?) 
2018-11-02/16:29:01.553 [main] [BaseJdbcLogger.debug-159] [DEBUG] ==> Parameters: null, 1541147341451(String)
2018-11-02/16:29:01.559 [main] [BaseJdbcLogger.debug-159] [DEBUG] <==    Updates: 1
2018-11-02/16:29:01.574 [main] [BaseJdbcLogger.debug-159] [DEBUG] ==>  Preparing: select * from user where id=? 
2018-11-02/16:29:01.576 [main] [BaseJdbcLogger.debug-159] [DEBUG] ==> Parameters: 37(Integer)
2018-11-02/16:29:01.607 [main] [BaseJdbcLogger.debug-159] [DEBUG] <==      Total: 1
2018-11-02/16:30:42.435 [main] [BaseJdbcLogger.debug-159] [DEBUG] ==>  Preparing: insert into user (id,name) values(?,?) 
2018-11-02/16:30:42.575 [main] [BaseJdbcLogger.debug-159] [DEBUG] ==> Parameters: null, 1541147442375(String)
2018-11-02/16:30:42.582 [main] [BaseJdbcLogger.debug-159] [DEBUG] <==    Updates: 1
2018-11-02/16:30:42.600 [main] [BaseJdbcLogger.debug-159] [DEBUG] ==>  Preparing: select * from user where id=? 
2018-11-02/16:30:42.602 [main] [BaseJdbcLogger.debug-159] [DEBUG] ==> Parameters: 37(Integer)
2018-11-02/16:30:42.621 [main] [BaseJdbcLogger.debug-159] [DEBUG] <==      Total: 1
2018-12-29/15:37:01.925 [main] [BaseJdbcLogger.debug-159] [DEBUG] ==>  Preparing: insert into user (id,name) values(?,?) 
2018-12-29/15:37:01.987 [main] [BaseJdbcLogger.debug-159] [DEBUG] ==> Parameters: null, 1546069021888(String)
2018-12-29/15:37:02.032 [main] [BaseJdbcLogger.debug-159] [DEBUG] <==    Updates: 1
2018-12-29/15:37:02.049 [main] [BaseJdbcLogger.debug-159] [DEBUG] ==>  Preparing: select * from user where id=? 
2018-12-29/15:37:02.051 [main] [BaseJdbcLogger.debug-159] [DEBUG] ==> Parameters: 37(Integer)
2018-12-29/15:37:02.085 [main] [BaseJdbcLogger.debug-159] [DEBUG] <==      Total: 1
2018-12-29/15:46:06.917 [main] [BaseJdbcLogger.debug-159] [DEBUG] ==>  Preparing: select `id`,`name`,`password`,`salt`,`email`,`mobile`,`status`,`is_mobile`,`is_qq`,`is_weixin`,`is_weibo`,`register_mobile_time`,`deleted_at`,`create_time`,`update_time` from user_info where id = ? 
2018-12-29/15:46:06.971 [main] [BaseJdbcLogger.debug-159] [DEBUG] ==> Parameters: 1(Integer)
2018-12-29/15:54:24.175 [main] [BaseJdbcLogger.debug-159] [DEBUG] ==>  Preparing: select `id`,`name`,`password`,`salt`,`email`,`mobile`,`status`,`is_mobile`,`is_qq`,`is_weixin`,`is_weibo`,`register_mobile_time`,`deleted_at`,`create_time`,`update_time` from user_info where id = ? 
2018-12-29/15:54:24.268 [main] [BaseJdbcLogger.debug-159] [DEBUG] ==> Parameters: 1(Integer)
2018-12-29/15:54:24.303 [main] [BaseJdbcLogger.debug-159] [DEBUG] <==      Total: 0
2018-12-29/15:55:44.428 [main] [BaseJdbcLogger.debug-159] [DEBUG] ==>  Preparing: select `id`,`name`,`password`,`salt`,`email`,`mobile`,`status`,`is_mobile`,`is_qq`,`is_weixin`,`is_weibo`,`register_mobile_time`,`deleted_at`,`create_time`,`update_time` from user_info where id = ? 
2018-12-29/15:55:44.503 [main] [BaseJdbcLogger.debug-159] [DEBUG] ==> Parameters: 1(Integer)
2018-12-29/15:55:44.538 [main] [BaseJdbcLogger.debug-159] [DEBUG] <==      Total: 0
2018-12-29/15:55:44.541 [main] [BaseJdbcLogger.debug-159] [DEBUG] ==>  Preparing: select * from user_info where id=5 
2018-12-29/15:55:44.541 [main] [BaseJdbcLogger.debug-159] [DEBUG] ==> Parameters: 
2018-12-29/15:55:44.543 [main] [BaseJdbcLogger.debug-159] [DEBUG] <==      Total: 0
